2022-10-31 00:05:07 DEBUG TelegramBot:34 - test log
2022-10-31 00:09:47 DEBUG TelegramBot:35 - dfghjk
2022-10-31 00:16:57 DEBUG TelegramBot:38 - ghjkl
2022-10-31 23:16:09 DEBUG UpdateProduceImpl:13 - dfghjk
2022-10-31 23:16:43 DEBUG UpdateProduceImpl:13 - 
2022-11-03 00:09:16 DEBUG UpdateProduceImpl:21 - Привет раббит
2022-11-03 00:10:48 DEBUG UpdateProduceImpl:21 - Аппп
2022-11-03 23:49:51 ERROR TelegramBot:56 - Error executing org.telegram.telegrambots.meta.api.methods.send.SendMessage query: [400] Bad Request: chat not found
2022-11-03 23:50:21 DEBUG UpdateProduceImpl:21 - H
2022-11-03 23:50:22 ERROR TelegramBot:56 - Error executing org.telegram.telegrambots.meta.api.methods.send.SendMessage query: [400] Bad Request: chat not found
2022-11-03 23:50:39 DEBUG UpdateProduceImpl:21 - H
2022-11-03 23:50:40 ERROR TelegramBot:56 - Error executing org.telegram.telegrambots.meta.api.methods.send.SendMessage query: [400] Bad Request: chat not found
2022-11-03 23:55:44 DEBUG UpdateProduceImpl:21 - Sd
2022-11-03 23:55:45 ERROR TelegramBot:56 - Error executing org.telegram.telegrambots.meta.api.methods.send.SendMessage query: [400] Bad Request: chat not found
2022-11-04 00:06:08 DEBUG UpdateProduceImpl:21 - F
2022-11-04 00:06:09 ERROR TelegramBot:56 - Error executing org.telegram.telegrambots.meta.api.methods.send.SendMessage query: [400] Bad Request: chat not found
2022-11-04 00:10:08 DEBUG UpdateProduceImpl:21 - F
2022-11-04 00:10:08 DEBUG UpdateProduceImpl:24 - after
2022-11-04 00:10:08 ERROR TelegramBot:56 - Error executing org.telegram.telegrambots.meta.api.methods.send.SendMessage query: [400] Bad Request: chat not found
2022-11-04 00:12:30 DEBUG UpdateProduceImpl:21 - S
2022-11-04 00:12:30 DEBUG AnswerConsumerImpl:25 - consumer begin
2022-11-04 00:12:30 ERROR TelegramBot:56 - Error executing org.telegram.telegrambots.meta.api.methods.send.SendMessage query: [400] Bad Request: chat not found
2022-11-04 00:12:30 DEBUG AnswerConsumerImpl:27 - consumer end
2022-11-04 00:14:54 DEBUG UpdateProduceImpl:21 - G
2022-11-04 00:14:54 ERROR TelegramBot:56 - Error executing org.telegram.telegrambots.meta.api.methods.send.SendMessage query: [400] Bad Request: chat not found
2022-11-04 00:19:15 DEBUG UpdateProduceImpl:21 - D
2022-11-04 00:19:16 ERROR TelegramBot:56 - Error executing org.telegram.telegrambots.meta.api.methods.send.SendMessage query: [400] Bad Request: chat not found
2022-11-04 00:20:20 DEBUG UpdateProduceImpl:21 - G
2022-11-04 00:20:20 DEBUG AnswerConsumerImpl:25 - SendMessage(chatId=21, text=Hello from node, parseMode=null, disableWebPagePreview=null, disableNotification=null, replyToMessageId=null, replyMarkup=null, entities=null, allowSendingWithoutReply=null, protectContent=null)
2022-11-04 00:20:20 ERROR TelegramBot:56 - Error executing org.telegram.telegrambots.meta.api.methods.send.SendMessage query: [400] Bad Request: chat not found
2022-11-04 00:22:37 DEBUG UpdateProduceImpl:21 - G
2022-11-04 00:22:37 DEBUG UpdateController:63 - SendMessage(chatId=22, text=Hello from node, parseMode=null, disableWebPagePreview=null, disableNotification=null, replyToMessageId=null, replyMarkup=null, entities=null, allowSendingWithoutReply=null, protectContent=null)
2022-11-04 00:22:37 DEBUG TelegramBot:52 - SendMessage(chatId=22, text=Hello from node, parseMode=null, disableWebPagePreview=null, disableNotification=null, replyToMessageId=null, replyMarkup=null, entities=null, allowSendingWithoutReply=null, protectContent=null)
2022-11-04 00:22:37 ERROR TelegramBot:58 - Error executing org.telegram.telegrambots.meta.api.methods.send.SendMessage query: [400] Bad Request: chat not found
2022-11-04 00:27:34 DEBUG UpdateProduceImpl:21 - V
2022-11-04 00:27:35 DEBUG UpdateController:63 - SendMessage(chatId=1756030820, text=Hello from node, parseMode=null, disableWebPagePreview=null, disableNotification=null, replyToMessageId=null, replyMarkup=null, entities=null, allowSendingWithoutReply=null, protectContent=null)
2022-11-04 00:27:35 DEBUG TelegramBot:52 - SendMessage(chatId=1756030820, text=Hello from node, parseMode=null, disableWebPagePreview=null, disableNotification=null, replyToMessageId=null, replyMarkup=null, entities=null, allowSendingWithoutReply=null, protectContent=null)
2022-11-04 23:04:23 DEBUG UpdateProduceImpl:21 - Save to pg
2022-11-04 23:04:25 DEBUG UpdateController:63 - SendMessage(chatId=1756030820, text=Hello from node, parseMode=null, disableWebPagePreview=null, disableNotification=null, replyToMessageId=null, replyMarkup=null, entities=null, allowSendingWithoutReply=null, protectContent=null)
2022-11-04 23:04:25 DEBUG TelegramBot:52 - SendMessage(chatId=1756030820, text=Hello from node, parseMode=null, disableWebPagePreview=null, disableNotification=null, replyToMessageId=null, replyMarkup=null, entities=null, allowSendingWithoutReply=null, protectContent=null)
2022-11-05 00:30:14 DEBUG UpdateProduceImpl:21 - F
2022-11-05 00:30:20 DEBUG UpdateController:63 - SendMessage(chatId=1756030820, text=Hello from node, parseMode=null, disableWebPagePreview=null, disableNotification=null, replyToMessageId=null, replyMarkup=null, entities=null, allowSendingWithoutReply=null, protectContent=null)
2022-11-05 00:30:20 DEBUG TelegramBot:52 - SendMessage(chatId=1756030820, text=Hello from node, parseMode=null, disableWebPagePreview=null, disableNotification=null, replyToMessageId=null, replyMarkup=null, entities=null, allowSendingWithoutReply=null, protectContent=null)
2022-11-05 23:01:38 DEBUG UpdateProduceImpl:21 - Пп
2022-11-05 23:01:40 DEBUG UpdateController:63 - SendMessage(chatId=1756030820, text=Hello from node, parseMode=null, disableWebPagePreview=null, disableNotification=null, replyToMessageId=null, replyMarkup=null, entities=null, allowSendingWithoutReply=null, protectContent=null)
2022-11-05 23:01:40 DEBUG TelegramBot:52 - SendMessage(chatId=1756030820, text=Hello from node, parseMode=null, disableWebPagePreview=null, disableNotification=null, replyToMessageId=null, replyMarkup=null, entities=null, allowSendingWithoutReply=null, protectContent=null)
2022-11-05 23:51:24 DEBUG UpdateProduceImpl:21 - /start
2022-11-05 23:51:26 DEBUG UpdateController:63 - SendMessage(chatId=1756030820, text=Неизвестная ошибка!, parseMode=null, disableWebPagePreview=null, disableNotification=null, replyToMessageId=null, replyMarkup=null, entities=null, allowSendingWithoutReply=null, protectContent=null)
2022-11-05 23:51:26 DEBUG TelegramBot:52 - SendMessage(chatId=1756030820, text=Неизвестная ошибка!, parseMode=null, disableWebPagePreview=null, disableNotification=null, replyToMessageId=null, replyMarkup=null, entities=null, allowSendingWithoutReply=null, protectContent=null)
2022-11-05 23:51:48 DEBUG UpdateProduceImpl:21 - При
2022-11-05 23:51:48 DEBUG UpdateController:63 - SendMessage(chatId=1756030820, text=Неизвестная ошибка!, parseMode=null, disableWebPagePreview=null, disableNotification=null, replyToMessageId=null, replyMarkup=null, entities=null, allowSendingWithoutReply=null, protectContent=null)
2022-11-05 23:51:48 DEBUG TelegramBot:52 - SendMessage(chatId=1756030820, text=Неизвестная ошибка!, parseMode=null, disableWebPagePreview=null, disableNotification=null, replyToMessageId=null, replyMarkup=null, entities=null, allowSendingWithoutReply=null, protectContent=null)
2022-11-05 23:51:57 DEBUG UpdateProduceImpl:21 - 
2022-11-05 23:51:57 DEBUG UpdateController:63 - SendMessage(chatId=1756030820, text=Файл получен! обрабоативается..., parseMode=null, disableWebPagePreview=null, disableNotification=null, replyToMessageId=null, replyMarkup=null, entities=null, allowSendingWithoutReply=null, protectContent=null)
2022-11-05 23:51:57 DEBUG TelegramBot:52 - SendMessage(chatId=1756030820, text=Файл получен! обрабоативается..., parseMode=null, disableWebPagePreview=null, disableNotification=null, replyToMessageId=null, replyMarkup=null, entities=null, allowSendingWithoutReply=null, protectContent=null)
2022-11-05 23:51:57 DEBUG UpdateController:63 - SendMessage(chatId=1756030820, text=Отмените текущую команду с помощью /cancel, parseMode=null, disableWebPagePreview=null, disableNotification=null, replyToMessageId=null, replyMarkup=null, entities=null, allowSendingWithoutReply=null, protectContent=null)
2022-11-05 23:51:57 DEBUG TelegramBot:52 - SendMessage(chatId=1756030820, text=Отмените текущую команду с помощью /cancel, parseMode=null, disableWebPagePreview=null, disableNotification=null, replyToMessageId=null, replyMarkup=null, entities=null, allowSendingWithoutReply=null, protectContent=null)
2022-11-05 23:52:05 DEBUG UpdateProduceImpl:21 - /cancel
2022-11-05 23:52:05 DEBUG UpdateController:63 - SendMessage(chatId=1756030820, text=Неизвестная ошибка!, parseMode=null, disableWebPagePreview=null, disableNotification=null, replyToMessageId=null, replyMarkup=null, entities=null, allowSendingWithoutReply=null, protectContent=null)
2022-11-05 23:52:05 DEBUG TelegramBot:52 - SendMessage(chatId=1756030820, text=Неизвестная ошибка!, parseMode=null, disableWebPagePreview=null, disableNotification=null, replyToMessageId=null, replyMarkup=null, entities=null, allowSendingWithoutReply=null, protectContent=null)
2022-11-05 23:52:46 DEBUG UpdateProduceImpl:21 - /help
2022-11-05 23:52:47 DEBUG UpdateController:63 - SendMessage(chatId=1756030820, text=Неизвестная ошибка!, parseMode=null, disableWebPagePreview=null, disableNotification=null, replyToMessageId=null, replyMarkup=null, entities=null, allowSendingWithoutReply=null, protectContent=null)
2022-11-05 23:52:47 DEBUG TelegramBot:52 - SendMessage(chatId=1756030820, text=Неизвестная ошибка!, parseMode=null, disableWebPagePreview=null, disableNotification=null, replyToMessageId=null, replyMarkup=null, entities=null, allowSendingWithoutReply=null, protectContent=null)
2022-11-05 23:53:17 DEBUG UpdateProduceImpl:21 - /start
2022-11-05 23:53:17 DEBUG UpdateController:63 - SendMessage(chatId=1756030820, text=Неизвестная ошибка!, parseMode=null, disableWebPagePreview=null, disableNotification=null, replyToMessageId=null, replyMarkup=null, entities=null, allowSendingWithoutReply=null, protectContent=null)
2022-11-05 23:53:17 DEBUG TelegramBot:52 - SendMessage(chatId=1756030820, text=Неизвестная ошибка!, parseMode=null, disableWebPagePreview=null, disableNotification=null, replyToMessageId=null, replyMarkup=null, entities=null, allowSendingWithoutReply=null, protectContent=null)
2022-11-06 23:18:01 DEBUG UpdateProduceImpl:21 - /start
2022-11-06 23:19:53 DEBUG UpdateController:63 - SendMessage(chatId=1756030820, text=Неизвестная ошибка! Введите /cancel и попробуйте снова!, parseMode=null, disableWebPagePreview=null, disableNotification=null, replyToMessageId=null, replyMarkup=null, entities=null, allowSendingWithoutReply=null, protectContent=null)
2022-11-06 23:19:53 DEBUG TelegramBot:52 - SendMessage(chatId=1756030820, text=Неизвестная ошибка! Введите /cancel и попробуйте снова!, parseMode=null, disableWebPagePreview=null, disableNotification=null, replyToMessageId=null, replyMarkup=null, entities=null, allowSendingWithoutReply=null, protectContent=null)
2022-11-06 23:20:16 DEBUG UpdateProduceImpl:21 - /cancel
2022-11-06 23:20:55 DEBUG UpdateController:63 - SendMessage(chatId=1756030820, text=Неизвестная ошибка! Введите /cancel и попробуйте снова!, parseMode=null, disableWebPagePreview=null, disableNotification=null, replyToMessageId=null, replyMarkup=null, entities=null, allowSendingWithoutReply=null, protectContent=null)
2022-11-06 23:20:55 DEBUG TelegramBot:52 - SendMessage(chatId=1756030820, text=Неизвестная ошибка! Введите /cancel и попробуйте снова!, parseMode=null, disableWebPagePreview=null, disableNotification=null, replyToMessageId=null, replyMarkup=null, entities=null, allowSendingWithoutReply=null, protectContent=null)
2022-11-06 23:21:47 DEBUG UpdateProduceImpl:21 - /start
2022-11-06 23:22:23 DEBUG UpdateController:63 - SendMessage(chatId=1756030820, text=Неизвестная ошибка! Введите /cancel и попробуйте снова!, parseMode=null, disableWebPagePreview=null, disableNotification=null, replyToMessageId=null, replyMarkup=null, entities=null, allowSendingWithoutReply=null, protectContent=null)
2022-11-06 23:22:23 DEBUG TelegramBot:52 - SendMessage(chatId=1756030820, text=Неизвестная ошибка! Введите /cancel и попробуйте снова!, parseMode=null, disableWebPagePreview=null, disableNotification=null, replyToMessageId=null, replyMarkup=null, entities=null, allowSendingWithoutReply=null, protectContent=null)
2022-11-06 23:22:34 DEBUG UpdateProduceImpl:21 - /cancel
2022-11-06 23:22:37 DEBUG UpdateController:63 - SendMessage(chatId=1756030820, text=Команда отменена, parseMode=null, disableWebPagePreview=null, disableNotification=null, replyToMessageId=null, replyMarkup=null, entities=null, allowSendingWithoutReply=null, protectContent=null)
2022-11-06 23:22:37 DEBUG TelegramBot:52 - SendMessage(chatId=1756030820, text=Команда отменена, parseMode=null, disableWebPagePreview=null, disableNotification=null, replyToMessageId=null, replyMarkup=null, entities=null, allowSendingWithoutReply=null, protectContent=null)
2022-11-06 23:22:56 DEBUG UpdateProduceImpl:21 - /registration
2022-11-06 23:23:11 DEBUG UpdateController:63 - SendMessage(chatId=1756030820, text=Временно не доступно, parseMode=null, disableWebPagePreview=null, disableNotification=null, replyToMessageId=null, replyMarkup=null, entities=null, allowSendingWithoutReply=null, protectContent=null)
2022-11-06 23:23:11 DEBUG TelegramBot:52 - SendMessage(chatId=1756030820, text=Временно не доступно, parseMode=null, disableWebPagePreview=null, disableNotification=null, replyToMessageId=null, replyMarkup=null, entities=null, allowSendingWithoutReply=null, protectContent=null)
2022-11-06 23:23:27 DEBUG UpdateProduceImpl:21 - /start
2022-11-06 23:23:29 DEBUG UpdateController:63 - SendMessage(chatId=1756030820, text=Чтобы посмотреть список доступных команд вводите /help, parseMode=null, disableWebPagePreview=null, disableNotification=null, replyToMessageId=null, replyMarkup=null, entities=null, allowSendingWithoutReply=null, protectContent=null)
2022-11-06 23:23:29 DEBUG TelegramBot:52 - SendMessage(chatId=1756030820, text=Чтобы посмотреть список доступных команд вводите /help, parseMode=null, disableWebPagePreview=null, disableNotification=null, replyToMessageId=null, replyMarkup=null, entities=null, allowSendingWithoutReply=null, protectContent=null)
2022-11-06 23:23:37 DEBUG UpdateProduceImpl:21 - /help
2022-11-06 23:23:40 DEBUG UpdateController:63 - SendMessage(chatId=1756030820, text=Список доступных комманд: 
/cancel - отмена текущей команды 
/registration - регистрация пользователя, parseMode=null, disableWebPagePreview=null, disableNotification=null, replyToMessageId=null, replyMarkup=null, entities=null, allowSendingWithoutReply=null, protectContent=null)
2022-11-06 23:23:40 DEBUG TelegramBot:52 - SendMessage(chatId=1756030820, text=Список доступных комманд: 
/cancel - отмена текущей команды 
/registration - регистрация пользователя, parseMode=null, disableWebPagePreview=null, disableNotification=null, replyToMessageId=null, replyMarkup=null, entities=null, allowSendingWithoutReply=null, protectContent=null)
